<?xml version="1.0" encoding="UTF-8"?>
<!-- Generated by org.testng.reporters.JUnitReportReporter -->
<testsuite hostname="LAPTOP-NS62KLMK" failures="0" tests="3" name="com.automation.testng.TC_003_AddToCartAndRemoveFromCart" time="12.587" errors="0" timestamp="2023-02-08T19:41:55 IST" skipped="0">
  <testcase classname="com.automation.testng.TC_003_AddToCartAndRemoveFromCart" name="addToCart" time="4.519"/>
  <system-out/>
  <testcase classname="com.automation.testng.TC_003_AddToCartAndRemoveFromCart" name="removeFromCart" time="4.651"/>
  <system-out/>
  <testcase classname="com.automation.testng.TC_003_AddToCartAndRemoveFromCart" name="assertions" time="3.417"/>
  <system-out/>
</testsuite> <!-- com.automation.testng.TC_003_AddToCartAndRemoveFromCart -->
