<?xml version="1.0" encoding="UTF-8"?>
<!-- Generated by org.testng.reporters.JUnitReportReporter -->
<testsuite hostname="LAPTOP-NS62KLMK" failures="0" tests="1" name="com.automation.testng.TC_002_RemoveFromCart" time="13.448" errors="0" timestamp="2023-02-08T20:03:01 IST" skipped="0">
  <testcase classname="com.automation.testng.TC_002_RemoveFromCart" name="removeFromCart" time="13.448"/>
  <system-out/>
</testsuite> <!-- com.automation.testng.TC_002_RemoveFromCart -->
