<?xml version="1.0" encoding="UTF-8"?>
<!-- Generated by org.testng.reporters.JUnitReportReporter -->
<testsuite hostname="LAPTOP-NS62KLMK" failures="0" tests="1" name="com.automation.testng.TC_001__AddToCart" time="5.511" errors="0" timestamp="2023-02-08T19:41:55 IST" skipped="0">
  <testcase classname="com.automation.testng.TC_001__AddToCart" name="addToCart" time="5.511"/>
  <system-out/>
</testsuite> <!-- com.automation.testng.TC_001__AddToCart -->
